<?xml version="1.0" encoding="UTF-8"?>
<!-- Generated by org.testng.reporters.JUnitReportReporter -->
<testsuite hostname="DESKTOP-D3AR52B" name="com.maven.scripts.TestJenkins" tests="1" failures="0" timestamp="31 Jan 2020 06:57:26 GMT" time="0.008" errors="0">
  <testcase name="test1" time="0.008" classname="com.maven.scripts.TestJenkins"/>
</testsuite> <!-- com.maven.scripts.TestJenkins -->
